16:13:42 pinoak0033 SmartSim[580030:MainThread] INFO Entry point: pinoak0033, {0, 64}
16:13:42 pinoak0033 SmartSim[580030:MainThread] INFO CPUS: 128
Dispatcher proc: <dragon.native.process.Process object at 0x7fa296d75250>
16:14:02 pinoak0033 SmartSim[580147:MainThread] INFO r_deserialize_message: 4.7354e-04
16:14:02 pinoak0033 SmartSim[580147:MainThread] DEBUG Adding feature store(s): {'BXsAAAAAAAAABgAAAAAAAIBLAAAAAAAAAAAAAAAAAABAKOjgwNBmPRHRAJYKAwCWCgAAAAAAAAAAEAMIBAAAAAAvX2RyYWdvbl9jb3RlXzU3OTkzMV9fZGVmX21hbmlmZXN0AAEAAAAAAAAABgAAAAAAAIAAAAAAAAAAANDQAQAAAAAA'}
16:14:02 pinoak0033 SmartSim[580147:MainThread] INFO r_validate_request: 5.3139e-02
16:14:02 pinoak0033 SmartSim[580147:MainThread] INFO r_dispatch: 1.0018e-04
16:14:02 pinoak0033 SmartSim[580147:MainThread] INFO r_find_queue: 1.3997e-05
16:14:02 pinoak0033 SmartSim[580147:MainThread] INFO r_flush_requests: 2.1902e-05
16:14:02 pinoak0033 SmartSim[580147:MainThread] INFO r_fetch_input: 1.0090e-05
16:14:02 pinoak0033 SmartSim[580147:MainThread] INFO r_transform_input: 7.3761e-04
16:14:02 pinoak0033 SmartSim[580147:MainThread] INFO r_put: 2.3239e-02
16:14:02 pinoak0033 SmartSim[580147:MainThread] INFO Finished timing: r_total_time: 7.8408e-02
16:14:02 pinoak0033 SmartSim[580148:MainThread] INFO Started timing: flush_requests: 2.5664e-02
16:14:02 pinoak0033 SmartSim[580148:MainThread] DEBUG Adding feature store(s): {'BXsAAAAAAAAABgAAAAAAAIBLAAAAAAAAAAAAAAAAAABAKOjgwNBmPRHRAJYKAwCWCgAAAAAAAAAAEAMIBAAAAAAvX2RyYWdvbl9jb3RlXzU3OTkzMV9fZGVmX21hbmlmZXN0AAEAAAAAAAAABgAAAAAAAIAAAAAAAAAAANDQAQAAAAAA'}
16:14:02 pinoak0033 SmartSim[580147:MainThread] INFO r_deserialize_message: 2.2907e-04
16:14:02 pinoak0033 SmartSim[580147:MainThread] INFO r_validate_request: 1.9036e-05
16:14:02 pinoak0033 SmartSim[580147:MainThread] INFO r_dispatch: 1.7354e-05
16:14:02 pinoak0033 SmartSim[580147:MainThread] INFO r_find_queue: 1.1522e-05
16:14:02 pinoak0033 SmartSim[580147:MainThread] INFO r_flush_requests: 1.2233e-05
16:14:02 pinoak0033 SmartSim[580147:MainThread] INFO r_fetch_input: 5.0089e-06
16:14:02 pinoak0033 SmartSim[580147:MainThread] INFO r_transform_input: 5.8494e-04
16:14:02 pinoak0033 SmartSim[580147:MainThread] INFO r_put: 1.5605e-04
16:14:02 pinoak0033 SmartSim[580147:MainThread] INFO Finished timing: r_total_time: 1.4560e-03
16:14:02 pinoak0033 SmartSim[580147:MainThread] INFO r_deserialize_message: 2.1556e-04
16:14:02 pinoak0033 SmartSim[580147:MainThread] INFO r_validate_request: 1.2744e-05
16:14:02 pinoak0033 SmartSim[580147:MainThread] INFO r_dispatch: 1.8346e-05
16:14:02 pinoak0033 SmartSim[580147:MainThread] INFO r_find_queue: 9.8401e-06
16:14:02 pinoak0033 SmartSim[580147:MainThread] INFO r_flush_requests: 1.1442e-05
16:14:02 pinoak0033 SmartSim[580147:MainThread] INFO r_fetch_input: 4.7900e-06
16:14:02 pinoak0033 SmartSim[580147:MainThread] INFO r_transform_input: 5.6758e-04
16:14:02 pinoak0033 SmartSim[580147:MainThread] INFO r_put: 1.6373e-04
16:14:02 pinoak0033 SmartSim[580147:MainThread] INFO Finished timing: r_total_time: 1.4214e-03
16:14:02 pinoak0033 SmartSim[580147:MainThread] INFO r_deserialize_message: 2.0833e-04
16:14:02 pinoak0033 SmartSim[580147:MainThread] INFO r_validate_request: 1.1783e-05
16:14:02 pinoak0033 SmartSim[580147:MainThread] INFO r_dispatch: 1.4909e-05
16:14:02 pinoak0033 SmartSim[580147:MainThread] INFO r_find_queue: 1.3015e-05
16:14:02 pinoak0033 SmartSim[580147:MainThread] INFO r_flush_requests: 1.4016e-05
16:14:02 pinoak0033 SmartSim[580147:MainThread] INFO r_fetch_input: 7.4340e-06
16:14:02 pinoak0033 SmartSim[580147:MainThread] INFO r_transform_input: 5.6933e-04
16:14:02 pinoak0033 SmartSim[580147:MainThread] INFO r_put: 1.5698e-04
16:14:02 pinoak0033 SmartSim[580147:MainThread] INFO Finished timing: r_total_time: 1.4576e-03
16:14:03 pinoak0033 SmartSim[580148:MainThread] INFO w_fetch_model: 1.4191e+00
16:14:03 pinoak0033 SmartSim[580148:MainThread] INFO w_load_model: 1.3095e-05
DEVICE IS HERE
cuda
16:14:04 pinoak0033 SmartSim[580148:MainThread] INFO w_execute: 3.5048e-01
16:14:04 pinoak0033 SmartSim[580148:MainThread] INFO w_assign_output: 2.3346e-04
16:14:04 pinoak0033 SmartSim[580148:MainThread] INFO w_build_reply: 3.3560e-04
16:14:04 pinoak0033 SmartSim[580148:MainThread] INFO w_serialize_resp: 2.0841e-05
16:14:04 pinoak0033 SmartSim[580148:MainThread] INFO w_send: 9.0903e-04
16:14:04 pinoak0033 SmartSim[580148:MainThread] INFO Finished timing: w_total_time: 1.7985e+00
16:14:04 pinoak0033 SmartSim[580148:MainThread] INFO Started timing: flush_requests: 1.9110e-04
16:14:04 pinoak0033 SmartSim[580148:MainThread] INFO w_fetch_model: 4.7041e-05
16:14:04 pinoak0033 SmartSim[580148:MainThread] INFO w_load_model: 4.2480e-06
DEVICE IS HERE
cuda
16:14:04 pinoak0033 SmartSim[580147:MainThread] INFO r_deserialize_message: 3.0170e-04
16:14:04 pinoak0033 SmartSim[580147:MainThread] INFO r_validate_request: 1.9578e-05
16:14:04 pinoak0033 SmartSim[580147:MainThread] INFO r_dispatch: 2.3095e-05
16:14:04 pinoak0033 SmartSim[580147:MainThread] INFO r_find_queue: 8.7770e-06
16:14:04 pinoak0033 SmartSim[580147:MainThread] INFO r_flush_requests: 1.3988e-05
16:14:04 pinoak0033 SmartSim[580147:MainThread] INFO r_fetch_input: 6.3020e-06
16:14:04 pinoak0033 SmartSim[580147:MainThread] INFO r_transform_input: 1.6731e-04
16:14:04 pinoak0033 SmartSim[580147:MainThread] INFO r_put: 1.8240e-04
16:14:04 pinoak0033 SmartSim[580147:MainThread] INFO Finished timing: r_total_time: 1.1713e-03
16:14:04 pinoak0033 SmartSim[580148:MainThread] INFO w_execute: 1.3020e-01
16:14:04 pinoak0033 SmartSim[580148:MainThread] INFO w_assign_output: 8.5605e-05
16:14:04 pinoak0033 SmartSim[580148:MainThread] INFO w_build_reply: 1.2369e-04
16:14:04 pinoak0033 SmartSim[580148:MainThread] INFO w_serialize_resp: 7.1940e-06
16:14:04 pinoak0033 SmartSim[580148:MainThread] INFO w_send: 9.6595e-03
16:14:04 pinoak0033 SmartSim[580148:MainThread] INFO Finished timing: w_total_time: 1.5856e-01
16:14:04 pinoak0033 SmartSim[580148:MainThread] INFO Started timing: flush_requests: 1.1728e-04
16:14:04 pinoak0033 SmartSim[580148:MainThread] INFO w_fetch_model: 2.1181e-05
16:14:04 pinoak0033 SmartSim[580148:MainThread] INFO w_load_model: 3.5160e-06
DEVICE IS HERE
cuda
16:14:04 pinoak0033 SmartSim[580148:MainThread] INFO w_execute: 1.6630e-02
16:14:04 pinoak0033 SmartSim[580148:MainThread] INFO w_assign_output: 7.2159e-05
16:14:04 pinoak0033 SmartSim[580148:MainThread] INFO w_build_reply: 1.0396e-04
16:14:04 pinoak0033 SmartSim[580148:MainThread] INFO w_serialize_resp: 5.5910e-06
16:14:04 pinoak0033 SmartSim[580148:MainThread] INFO w_send: 1.2598e-02
16:14:04 pinoak0033 SmartSim[580148:MainThread] INFO Finished timing: w_total_time: 2.9827e-02
16:14:04 pinoak0033 SmartSim[580148:MainThread] INFO Started timing: flush_requests: 1.0691e-04
16:14:04 pinoak0033 SmartSim[580148:MainThread] INFO w_fetch_model: 1.7775e-05
16:14:04 pinoak0033 SmartSim[580148:MainThread] INFO w_load_model: 3.2361e-06
DEVICE IS HERE
cuda
16:14:04 pinoak0033 SmartSim[580148:MainThread] INFO w_execute: 3.9559e-03
16:14:04 pinoak0033 SmartSim[580148:MainThread] INFO w_assign_output: 6.9394e-05
16:14:04 pinoak0033 SmartSim[580148:MainThread] INFO w_build_reply: 1.0244e-04
16:14:04 pinoak0033 SmartSim[580148:MainThread] INFO w_serialize_resp: 5.6811e-06
16:14:04 pinoak0033 SmartSim[580148:MainThread] INFO w_send: 1.8464e-02
16:14:04 pinoak0033 SmartSim[580148:MainThread] INFO Finished timing: w_total_time: 2.2993e-02
16:14:04 pinoak0033 SmartSim[580148:MainThread] INFO Started timing: flush_requests: 8.7169e-05
16:14:04 pinoak0033 SmartSim[580148:MainThread] INFO w_fetch_model: 1.6923e-05
16:14:04 pinoak0033 SmartSim[580148:MainThread] INFO w_load_model: 3.1758e-06
DEVICE IS HERE
cuda
16:14:04 pinoak0033 SmartSim[580148:MainThread] INFO w_execute: 3.8802e-03
16:14:04 pinoak0033 SmartSim[580148:MainThread] INFO w_assign_output: 6.2331e-05
16:14:04 pinoak0033 SmartSim[580148:MainThread] INFO w_build_reply: 1.0618e-04
16:14:04 pinoak0033 SmartSim[580148:MainThread] INFO w_serialize_resp: 5.8720e-06
16:14:04 pinoak0033 SmartSim[580148:MainThread] INFO w_send: 5.0300e-04
16:14:04 pinoak0033 SmartSim[580148:MainThread] INFO Finished timing: w_total_time: 4.9366e-03
16:14:04 pinoak0033 SmartSim[580147:MainThread] INFO r_deserialize_message: 2.3113e-04
16:14:04 pinoak0033 SmartSim[580147:MainThread] INFO r_validate_request: 1.5089e-05
16:14:04 pinoak0033 SmartSim[580147:MainThread] INFO r_dispatch: 1.6061e-05
16:14:04 pinoak0033 SmartSim[580147:MainThread] INFO r_find_queue: 8.6471e-06
16:14:04 pinoak0033 SmartSim[580147:MainThread] INFO r_flush_requests: 1.1803e-05
16:14:04 pinoak0033 SmartSim[580147:MainThread] INFO r_fetch_input: 4.1481e-06
16:14:04 pinoak0033 SmartSim[580147:MainThread] INFO r_transform_input: 1.4014e-04
16:14:04 pinoak0033 SmartSim[580147:MainThread] INFO r_put: 1.7060e-04
16:14:04 pinoak0033 SmartSim[580147:MainThread] INFO Finished timing: r_total_time: 1.0579e-03
16:14:04 pinoak0033 SmartSim[580148:MainThread] INFO Started timing: flush_requests: 1.6679e-04
16:14:04 pinoak0033 SmartSim[580148:MainThread] INFO w_fetch_model: 2.0780e-05
16:14:04 pinoak0033 SmartSim[580148:MainThread] INFO w_load_model: 4.7488e-06
16:14:04 pinoak0033 SmartSim[580147:MainThread] INFO r_deserialize_message: 1.7917e-04
16:14:04 pinoak0033 SmartSim[580147:MainThread] INFO r_validate_request: 1.1903e-05
16:14:04 pinoak0033 SmartSim[580147:MainThread] INFO r_dispatch: 1.2794e-05
16:14:04 pinoak0033 SmartSim[580147:MainThread] INFO r_find_queue: 7.2129e-06
16:14:04 pinoak0033 SmartSim[580147:MainThread] INFO r_flush_requests: 8.8671e-06
16:14:04 pinoak0033 SmartSim[580147:MainThread] INFO r_fetch_input: 3.5069e-06
16:14:04 pinoak0033 SmartSim[580147:MainThread] INFO r_transform_input: 1.1640e-04
16:14:04 pinoak0033 SmartSim[580147:MainThread] INFO r_put: 1.4092e-04
16:14:04 pinoak0033 SmartSim[580147:MainThread] INFO Finished timing: r_total_time: 8.2837e-04
16:14:04 pinoak0033 SmartSim[580147:MainThread] INFO r_deserialize_message: 2.0008e-04
16:14:04 pinoak0033 SmartSim[580147:MainThread] INFO r_validate_request: 1.2344e-05
16:14:04 pinoak0033 SmartSim[580147:MainThread] INFO r_dispatch: 1.7525e-05
16:14:04 pinoak0033 SmartSim[580147:MainThread] INFO r_find_queue: 9.7391e-06
16:14:04 pinoak0033 SmartSim[580147:MainThread] INFO r_flush_requests: 1.1863e-05
16:14:04 pinoak0033 SmartSim[580147:MainThread] INFO r_fetch_input: 4.6890e-06
16:14:04 pinoak0033 SmartSim[580147:MainThread] INFO r_transform_input: 5.0045e-04
16:14:04 pinoak0033 SmartSim[580147:MainThread] INFO r_put: 4.7585e-03
16:14:04 pinoak0033 SmartSim[580147:MainThread] INFO Finished timing: r_total_time: 5.9631e-03
DEVICE IS HERE
cuda
16:14:04 pinoak0033 SmartSim[580148:MainThread] INFO w_execute: 3.9021e-03
16:14:04 pinoak0033 SmartSim[580148:MainThread] INFO w_assign_output: 6.3383e-05
16:14:04 pinoak0033 SmartSim[580148:MainThread] INFO w_build_reply: 1.0306e-04
16:14:04 pinoak0033 SmartSim[580148:MainThread] INFO w_serialize_resp: 5.6110e-06
16:14:04 pinoak0033 SmartSim[580148:MainThread] INFO w_send: 1.3496e-02
16:14:04 pinoak0033 SmartSim[580148:MainThread] INFO Finished timing: w_total_time: 5.4199e-02
16:14:04 pinoak0033 SmartSim[580148:MainThread] INFO Started timing: flush_requests: 1.0042e-04
16:14:04 pinoak0033 SmartSim[580148:MainThread] INFO w_fetch_model: 2.4267e-05
16:14:04 pinoak0033 SmartSim[580148:MainThread] INFO w_load_model: 3.6969e-06
DEVICE IS HERE
cuda
16:14:04 pinoak0033 SmartSim[580148:MainThread] INFO w_execute: 4.0017e-03
16:14:04 pinoak0033 SmartSim[580148:MainThread] INFO w_assign_output: 6.2441e-05
16:14:04 pinoak0033 SmartSim[580148:MainThread] INFO w_build_reply: 1.0715e-04
16:14:04 pinoak0033 SmartSim[580148:MainThread] INFO w_serialize_resp: 5.6610e-06
16:14:04 pinoak0033 SmartSim[580148:MainThread] INFO w_send: 7.6090e-03
16:14:04 pinoak0033 SmartSim[580148:MainThread] INFO Finished timing: w_total_time: 1.2195e-02
16:14:04 pinoak0033 SmartSim[580148:MainThread] INFO Started timing: flush_requests: 5.0323e-03
16:14:04 pinoak0033 SmartSim[580148:MainThread] INFO w_fetch_model: 2.3195e-05
16:14:04 pinoak0033 SmartSim[580148:MainThread] INFO w_load_model: 4.4990e-06
DEVICE IS HERE
cuda
16:14:04 pinoak0033 SmartSim[580147:MainThread] INFO r_deserialize_message: 2.1315e-04
16:14:04 pinoak0033 SmartSim[580147:MainThread] INFO r_validate_request: 1.2995e-05
16:14:04 pinoak0033 SmartSim[580147:MainThread] INFO r_dispatch: 1.3607e-05
16:14:04 pinoak0033 SmartSim[580147:MainThread] INFO r_find_queue: 9.4080e-06
16:14:04 pinoak0033 SmartSim[580147:MainThread] INFO r_flush_requests: 1.0080e-05
16:14:04 pinoak0033 SmartSim[580147:MainThread] INFO r_fetch_input: 4.4189e-06
16:14:04 pinoak0033 SmartSim[580147:MainThread] INFO r_transform_input: 1.4464e-04
16:14:04 pinoak0033 SmartSim[580147:MainThread] INFO r_put: 1.7517e-04
16:14:04 pinoak0033 SmartSim[580147:MainThread] INFO Finished timing: r_total_time: 1.0477e-03
16:14:04 pinoak0033 SmartSim[580147:MainThread] INFO r_deserialize_message: 2.1554e-04
16:14:04 pinoak0033 SmartSim[580147:MainThread] INFO r_validate_request: 1.1752e-05
16:14:04 pinoak0033 SmartSim[580147:MainThread] INFO r_dispatch: 1.3386e-05
16:14:04 pinoak0033 SmartSim[580147:MainThread] INFO r_find_queue: 9.0369e-06
16:14:04 pinoak0033 SmartSim[580147:MainThread] INFO r_flush_requests: 1.0700e-05
16:14:04 pinoak0033 SmartSim[580147:MainThread] INFO r_fetch_input: 4.5290e-06
16:14:04 pinoak0033 SmartSim[580147:MainThread] INFO r_transform_input: 1.1448e-03
16:14:04 pinoak0033 SmartSim[580147:MainThread] INFO r_put: 2.0042e-04
16:14:04 pinoak0033 SmartSim[580147:MainThread] INFO Finished timing: r_total_time: 2.0888e-03
16:14:04 pinoak0033 SmartSim[580147:MainThread] INFO r_deserialize_message: 2.5612e-04
16:14:04 pinoak0033 SmartSim[580147:MainThread] INFO r_validate_request: 1.1553e-05
16:14:04 pinoak0033 SmartSim[580147:MainThread] INFO r_dispatch: 1.4017e-05
16:14:04 pinoak0033 SmartSim[580147:MainThread] INFO r_find_queue: 9.3980e-06
16:14:04 pinoak0033 SmartSim[580147:MainThread] INFO r_flush_requests: 1.0551e-05
16:14:04 pinoak0033 SmartSim[580147:MainThread] INFO r_fetch_input: 4.8189e-06
16:14:04 pinoak0033 SmartSim[580147:MainThread] INFO r_transform_input: 1.1164e-03
16:14:04 pinoak0033 SmartSim[580147:MainThread] INFO r_put: 1.7631e-04
16:14:04 pinoak0033 SmartSim[580147:MainThread] INFO Finished timing: r_total_time: 2.0897e-03
16:14:04 pinoak0033 SmartSim[580148:MainThread] INFO w_execute: 4.0917e-02
16:14:04 pinoak0033 SmartSim[580148:MainThread] INFO w_assign_output: 1.0112e-04
16:14:04 pinoak0033 SmartSim[580148:MainThread] INFO w_build_reply: 1.4902e-04
16:14:04 pinoak0033 SmartSim[580148:MainThread] INFO w_serialize_resp: 8.7069e-06
16:14:04 pinoak0033 SmartSim[580148:MainThread] INFO w_send: 2.1819e-02
16:14:04 pinoak0033 SmartSim[580148:MainThread] INFO Finished timing: w_total_time: 7.4384e-02
16:14:04 pinoak0033 SmartSim[580148:MainThread] INFO Started timing: flush_requests: 1.0429e-04
16:14:04 pinoak0033 SmartSim[580148:MainThread] INFO w_fetch_model: 2.1933e-05
16:14:04 pinoak0033 SmartSim[580148:MainThread] INFO w_load_model: 2.9651e-06
DEVICE IS HERE
cuda
16:14:04 pinoak0033 SmartSim[580148:MainThread] INFO w_execute: 3.9860e-03
16:14:04 pinoak0033 SmartSim[580148:MainThread] INFO w_assign_output: 6.4786e-05
16:14:04 pinoak0033 SmartSim[580148:MainThread] INFO w_build_reply: 1.0847e-04
16:14:04 pinoak0033 SmartSim[580148:MainThread] INFO w_serialize_resp: 6.1418e-06
16:14:04 pinoak0033 SmartSim[580148:MainThread] INFO w_send: 1.2728e-02
16:14:04 pinoak0033 SmartSim[580148:MainThread] INFO Finished timing: w_total_time: 1.7293e-02
16:14:04 pinoak0033 SmartSim[580148:MainThread] INFO Started timing: flush_requests: 9.7319e-05
16:14:04 pinoak0033 SmartSim[580148:MainThread] INFO w_fetch_model: 1.8005e-05
16:14:04 pinoak0033 SmartSim[580148:MainThread] INFO w_load_model: 3.0859e-06
DEVICE IS HERE
cuda
16:14:04 pinoak0033 SmartSim[580148:MainThread] INFO w_execute: 4.4379e-03
16:14:04 pinoak0033 SmartSim[580148:MainThread] INFO w_assign_output: 6.6228e-05
16:14:04 pinoak0033 SmartSim[580148:MainThread] INFO w_build_reply: 1.1552e-04
16:14:04 pinoak0033 SmartSim[580148:MainThread] INFO w_serialize_resp: 6.2520e-06
16:14:04 pinoak0033 SmartSim[580148:MainThread] INFO w_send: 4.8592e-03
16:14:04 pinoak0033 SmartSim[580148:MainThread] INFO Finished timing: w_total_time: 9.9066e-03
16:14:04 pinoak0033 SmartSim[580148:MainThread] INFO Started timing: flush_requests: 1.0242e-04
16:14:04 pinoak0033 SmartSim[580148:MainThread] INFO w_fetch_model: 1.8225e-05
16:14:04 pinoak0033 SmartSim[580148:MainThread] INFO w_load_model: 3.0559e-06
DEVICE IS HERE
cuda
16:14:04 pinoak0033 SmartSim[580148:MainThread] INFO w_execute: 4.6244e-03
16:14:04 pinoak0033 SmartSim[580148:MainThread] INFO w_assign_output: 6.6168e-05
16:14:04 pinoak0033 SmartSim[580148:MainThread] INFO w_build_reply: 1.1464e-04
16:14:04 pinoak0033 SmartSim[580148:MainThread] INFO w_serialize_resp: 6.0122e-06
16:14:04 pinoak0033 SmartSim[580148:MainThread] INFO w_send: 1.6406e-02
16:14:04 pinoak0033 SmartSim[580148:MainThread] INFO Finished timing: w_total_time: 2.1634e-02
16:14:04 pinoak0033 SmartSim[580148:MainThread] INFO Started timing: flush_requests: 5.9876e-03
16:14:04 pinoak0033 SmartSim[580148:MainThread] INFO w_fetch_model: 1.8526e-05
16:14:04 pinoak0033 SmartSim[580148:MainThread] INFO w_load_model: 3.5369e-06
DEVICE IS HERE
cuda
16:14:04 pinoak0033 SmartSim[580147:MainThread] INFO r_deserialize_message: 1.7834e-04
16:14:04 pinoak0033 SmartSim[580147:MainThread] INFO r_validate_request: 9.3780e-06
16:14:04 pinoak0033 SmartSim[580147:MainThread] INFO r_dispatch: 1.1503e-05
16:14:04 pinoak0033 SmartSim[580147:MainThread] INFO r_find_queue: 7.5041e-06
16:14:04 pinoak0033 SmartSim[580147:MainThread] INFO r_flush_requests: 8.6271e-06
16:14:04 pinoak0033 SmartSim[580147:MainThread] INFO r_fetch_input: 3.6671e-06
16:14:04 pinoak0033 SmartSim[580147:MainThread] INFO r_transform_input: 5.4266e-04
16:14:04 pinoak0033 SmartSim[580147:MainThread] INFO r_put: 4.5821e-03
16:14:04 pinoak0033 SmartSim[580147:MainThread] INFO Finished timing: r_total_time: 5.7289e-03
16:14:04 pinoak0033 SmartSim[580148:MainThread] INFO w_execute: 5.2352e-02
16:14:04 pinoak0033 SmartSim[580148:MainThread] INFO w_assign_output: 6.4916e-05
16:14:04 pinoak0033 SmartSim[580148:MainThread] INFO w_build_reply: 1.0828e-04
16:14:04 pinoak0033 SmartSim[580148:MainThread] INFO w_serialize_resp: 5.8408e-06
16:14:04 pinoak0033 SmartSim[580148:MainThread] INFO w_send: 2.6109e-02
16:14:04 pinoak0033 SmartSim[580148:MainThread] INFO Finished timing: w_total_time: 7.9065e-02
16:14:04 pinoak0033 SmartSim[580147:MainThread] INFO r_deserialize_message: 2.0290e-04
16:14:04 pinoak0033 SmartSim[580147:MainThread] INFO r_validate_request: 1.1853e-05
16:14:04 pinoak0033 SmartSim[580147:MainThread] INFO r_dispatch: 1.6292e-05
16:14:04 pinoak0033 SmartSim[580147:MainThread] INFO r_find_queue: 7.7952e-06
16:14:04 pinoak0033 SmartSim[580147:MainThread] INFO r_flush_requests: 9.1279e-06
16:14:04 pinoak0033 SmartSim[580147:MainThread] INFO r_fetch_input: 3.6971e-06
16:14:04 pinoak0033 SmartSim[580147:MainThread] INFO r_transform_input: 2.1138e-04
16:14:04 pinoak0033 SmartSim[580147:MainThread] INFO r_put: 2.9424e-02
16:14:04 pinoak0033 SmartSim[580147:MainThread] INFO Finished timing: r_total_time: 3.0319e-02
16:14:04 pinoak0033 SmartSim[580147:MainThread] INFO r_deserialize_message: 2.5263e-04
16:14:04 pinoak0033 SmartSim[580147:MainThread] INFO r_validate_request: 1.2735e-05
16:14:04 pinoak0033 SmartSim[580147:MainThread] INFO r_dispatch: 1.5830e-05
16:14:04 pinoak0033 SmartSim[580147:MainThread] INFO r_find_queue: 1.1262e-05
16:14:04 pinoak0033 SmartSim[580147:MainThread] INFO r_flush_requests: 1.3526e-05
16:14:04 pinoak0033 SmartSim[580147:MainThread] INFO r_fetch_input: 5.5609e-06
16:14:04 pinoak0033 SmartSim[580147:MainThread] INFO r_transform_input: 2.0498e-04
16:14:04 pinoak0033 SmartSim[580147:MainThread] INFO r_put: 2.0952e-04
16:14:04 pinoak0033 SmartSim[580147:MainThread] INFO Finished timing: r_total_time: 1.2778e-03
16:14:04 pinoak0033 SmartSim[580147:MainThread] INFO r_deserialize_message: 1.8371e-04
16:14:04 pinoak0033 SmartSim[580147:16:14:04 pinoak0033 SmartSim[580148:MainThread] INFO Started timing: flush_requests: 3.0039e-02
16:14:04 pinoak0033 SmartSim[580148:MainThread] INFO w_fetch_model: 2.0630e-05
16:14:04 pinoak0033 SmartSim[580148:MainThread] INFO w_load_model: 3.2459e-06
DEVICE IS HERE
cuda
MainThread] INFO r_validate_request: 9.0380e-06
16:14:04 pinoak0033 SmartSim[580147:MainThread] INFO r_dispatch: 1.1261e-05
16:14:04 pinoak0033 SmartSim[580147:MainThread] INFO r_find_queue: 7.2240e-06
16:14:04 pinoak0033 SmartSim[580147:MainThread] INFO r_flush_requests: 8.2359e-06
16:14:04 pinoak0033 SmartSim[580147:MainThread] INFO r_fetch_input: 3.4759e-06
16:14:04 pinoak0033 SmartSim[580147:MainThread] INFO r_transform_input: 1.8769e-03
16:14:04 pinoak0033 SmartSim[580147:MainThread] INFO r_put: 1.4377e-04
16:14:04 pinoak0033 SmartSim[580147:MainThread] INFO Finished timing: r_total_time: 2.6215e-03
16:14:04 pinoak0033 SmartSim[580148:MainThread] INFO w_execute: 1.4616e-02
16:14:04 pinoak0033 SmartSim[580148:MainThread] INFO w_assign_output: 8.0786e-05
16:14:04 pinoak0033 SmartSim[580148:MainThread] INFO w_build_reply: 1.5102e-04
16:14:04 pinoak0033 SmartSim[580148:MainThread] INFO w_serialize_resp: 8.0550e-06
16:14:04 pinoak0033 SmartSim[580147:MainThread] INFO r_deserialize_message: 2.4910e-04
16:14:04 pinoak0033 SmartSim[580147:MainThread] INFO r_validate_request: 1.1322e-05
16:14:04 pinoak0033 SmartSim[580147:MainThread] INFO r_dispatch: 1.4969e-05
16:14:04 pinoak0033 SmartSim[580147:MainThread] INFO r_find_queue: 1.0680e-05
16:14:04 pinoak0033 SmartSim[580147:MainThread] INFO r_flush_requests: 1.2654e-05
16:14:04 pinoak0033 SmartSim[580147:MainThread] INFO r_fetch_input: 5.2110e-06
16:14:04 pinoak0033 SmartSim[580147:MainThread] INFO r_transform_input: 3.8600e-03
16:14:04 pinoak0033 SmartSim[580147:MainThread] INFO r_put: 1.5309e-04
16:14:04 pinoak0033 SmartSim[580147:MainThread] INFO Finished timing: r_total_time: 4.8062e-03
16:14:04 pinoak0033 SmartSim[580148:MainThread] INFO w_send: 4.5473e-03
16:14:04 pinoak0033 SmartSim[580148:MainThread] INFO Finished timing: w_total_time: 1.9894e-02
16:14:04 pinoak0033 SmartSim[580148:MainThread] INFO Started timing: flush_requests: 8.9303e-05
16:14:04 pinoak0033 SmartSim[580148:MainThread] INFO w_fetch_model: 1.6201e-05
16:14:04 pinoak0033 SmartSim[580148:MainThread] INFO w_load_model: 2.6950e-06
DEVICE IS HERE
cuda
16:14:04 pinoak0033 SmartSim[580148:MainThread] INFO w_execute: 3.8614e-03
16:14:04 pinoak0033 SmartSim[580148:MainThread] INFO w_assign_output: 6.2351e-05
16:14:04 pinoak0033 SmartSim[580148:MainThread] INFO w_build_reply: 1.0415e-04
16:14:04 pinoak0033 SmartSim[580148:MainThread] INFO w_serialize_resp: 5.7211e-06
16:14:04 pinoak0033 SmartSim[580148:MainThread] INFO w_send: 6.6042e-04
16:14:04 pinoak0033 SmartSim[580148:MainThread] INFO Finished timing: w_total_time: 5.0661e-03
16:14:04 pinoak0033 SmartSim[580148:MainThread] INFO Started timing: flush_requests: 1.0077e-04
16:14:04 pinoak0033 SmartSim[580148:MainThread] INFO w_fetch_model: 1.7133e-05
16:14:04 pinoak0033 SmartSim[580148:MainThread] INFO w_load_model: 3.2568e-06
DEVICE IS HERE
cuda
16:14:04 pinoak0033 SmartSim[580148:MainThread] INFO w_execute: 4.7714e-03
16:14:04 pinoak0033 SmartSim[580148:MainThread] INFO w_assign_output: 8.8201e-05
16:14:04 pinoak0033 SmartSim[580148:MainThread] INFO w_build_reply: 1.1321e-04
16:14:04 pinoak0033 SmartSim[580148:MainThread] INFO w_serialize_resp: 6.4429e-06
16:14:04 pinoak0033 SmartSim[580148:MainThread] INFO w_send: 9.4554e-03
16:14:04 pinoak0033 SmartSim[580148:MainThread] INFO Finished timing: w_total_time: 1.4857e-02
16:14:04 pinoak0033 SmartSim[580148:MainThread] INFO Started timing: flush_requests: 1.0447e-04
16:14:04 pinoak0033 SmartSim[580148:MainThread] INFO w_fetch_model: 1.7915e-05
16:14:04 pinoak0033 SmartSim[580148:MainThread] INFO w_load_model: 2.9351e-06
DEVICE IS HERE
cuda
16:14:04 pinoak0033 SmartSim[580147:MainThread] INFO r_deserialize_message: 2.2638e-04
16:14:04 pinoak0033 SmartSim[580147:MainThread] INFO r_validate_request: 1.1792e-05
16:14:04 pinoak0033 SmartSim[580147:MainThread] INFO r_dispatch: 1.1763e-05
16:14:04 pinoak0033 SmartSim[580147:MainThread] INFO r_find_queue: 7.2340e-06
16:14:04 pinoak0033 SmartSim[580147:MainThread] INFO r_flush_requests: 8.6869e-06
16:14:04 pinoak0033 SmartSim[580147:MainThread] INFO r_fetch_input: 3.8969e-06
16:14:04 pinoak0033 SmartSim[580147:MainThread] INFO r_transform_input: 3.3107e-03
16:14:04 pinoak0033 SmartSim[580147:MainThread] INFO r_put: 1.4045e-04
16:14:04 pinoak0033 SmartSim[580147:MainThread] INFO Finished timing: r_total_time: 4.1213e-03
16:14:04 pinoak0033 SmartSim[580147:MainThread] INFO r_deserialize_message: 1.8081e-04
16:14:04 pinoak0033 SmartSim[580147:MainThread] INFO r_validate_request: 9.7088e-06
16:14:04 pinoak0033 SmartSim[580147:MainThread] INFO r_dispatch: 1.1232e-05
16:14:04 pinoak0033 SmartSim[580147:MainThread] INFO r_find_queue: 7.0028e-06
16:14:04 pinoak0033 SmartSim[580147:MainThread] INFO r_flush_requests: 8.4261e-06
16:14:04 pinoak0033 SmartSim[580147:MainThread] INFO r_fetch_input: 3.6270e-06
16:14:04 pinoak0033 SmartSim[580147:MainThread] INFO r_transform_input: 9.3078e-04
16:14:04 pinoak0033 SmartSim[580147:MainThread] INFO r_put: 1.3951e-04
16:14:04 pinoak0033 SmartSim[580147:MainThread] INFO Finished timing: r_total_time: 1.6547e-03
16:14:04 pinoak0033 SmartSim[580147:MainThread] INFO r_deserialize_message: 2.1596e-04
16:14:04 pinoak0033 SmartSim[580147:MainThread] INFO r_validate_request: 1.1222e-05
16:14:04 pinoak0033 SmartSim[580147:MainThread] INFO r_dispatch: 1.4569e-05
16:14:04 pinoak0033 SmartSim[580147:MainThread] INFO r_find_queue: 1.1292e-05
16:14:04 pinoak0033 SmartSim[580147:MainThread] INFO r_flush_requests: 1.3056e-05
16:14:04 pinoak0033 SmartSim[580147:MainThread] INFO r_fetch_input: 5.7509e-06
16:14:04 pinoak0033 SmartSim[580147:MainThread] INFO r_transform_input: 2.8906e-04
16:14:04 pinoak0033 SmartSim[580147:MainThread] INFO r_put: 2.0645e-04
16:14:04 pinoak0033 SmartSim[580147:MainThread] INFO Finished timing: r_total_time: 1.3038e-03
16:14:04 pinoak0033 SmartSim[580148:MainThread] INFO w_execute: 7.6424e-02
16:14:04 pinoak0033 SmartSim[580148:MainThread] INFO w_assign_output: 8.3843e-05
16:14:04 pinoak0033 SmartSim[580148:MainThread] INFO w_build_reply: 1.2772e-04
16:14:04 pinoak0033 SmartSim[580148:MainThread] INFO w_serialize_resp: 6.7530e-06
16:14:04 pinoak0033 SmartSim[580148:MainThread] INFO w_send: 2.0658e-02
16:14:04 pinoak0033 SmartSim[580148:MainThread] INFO Finished timing: w_total_time: 9.7741e-02
16:14:04 pinoak0033 SmartSim[580148:MainThread] INFO Started timing: flush_requests: 1.2588e-04
16:14:04 pinoak0033 SmartSim[580148:MainThread] INFO w_fetch_model: 1.9649e-05
16:14:04 pinoak0033 SmartSim[580148:MainThread] INFO w_load_model: 2.8359e-06
DEVICE IS HERE
cuda
16:14:04 pinoak0033 SmartSim[580148:MainThread] INFO w_execute: 4.9713e-03
16:14:04 pinoak0033 SmartSim[580148:MainThread] INFO w_assign_output: 4.4389e-04
16:14:04 pinoak0033 SmartSim[580148:MainThread] INFO w_build_reply: 1.3540e-04
16:14:04 pinoak0033 SmartSim[580148:MainThread] INFO w_serialize_resp: 7.2240e-06
16:14:04 pinoak0033 SmartSim[580148:MainThread] INFO w_send: 1.3346e-02
16:14:04 pinoak0033 SmartSim[580148:MainThread] INFO Finished timing: w_total_time: 1.9337e-02
16:14:04 pinoak0033 SmartSim[580148:MainThread] INFO Started timing: flush_requests: 1.1675e-04
16:14:04 pinoak0033 SmartSim[580148:MainThread] INFO w_fetch_model: 1.8996e-05
16:14:04 pinoak0033 SmartSim[580148:MainThread] INFO w_load_model: 2.8461e-06
DEVICE IS HERE
cuda
16:14:04 pinoak0033 SmartSim[580148:MainThread] INFO w_execute: 4.5595e-03
16:14:04 pinoak0033 SmartSim[580148:MainThread] INFO w_assign_output: 6.6035e-04
16:14:04 pinoak0033 SmartSim[580148:MainThread] INFO w_build_reply: 1.1992e-04
16:14:04 pinoak0033 SmartSim[580148:MainThread] INFO w_serialize_resp: 5.9621e-06
16:14:05 pinoak0033 SmartSim[580148:MainThread] INFO w_send: 2.2018e-01
16:14:05 pinoak0033 SmartSim[580148:MainThread] INFO Finished timing: w_total_time: 2.2608e-01
16:14:05 pinoak0033 SmartSim[580147:MainThread] INFO r_deserialize_message: 2.3673e-04
16:14:05 pinoak0033 SmartSim[580147:MainThread] INFO r_validate_request: 1.2103e-05
16:14:05 pinoak0033 SmartSim[580147:MainThread] INFO r_dispatch: 1.4619e-05
16:14:05 pinoak0033 SmartSim[580147:MainThread] INFO r_find_queue: 7.5651e-06
16:14:05 pinoak0033 SmartSim[580147:MainThread] INFO r_flush_requests: 1.0280e-05
16:14:05 pinoak0033 SmartSim[580147:MainThread] INFO r_fetch_input: 4.2680e-06
16:14:05 pinoak0033 SmartSim[580147:MainThread] INFO r_transform_input: 3.1367e-03
16:14:05 pinoak0033 SmartSim[580147:MainThread] INFO r_put: 1.9693e-04
16:14:05 pinoak0033 SmartSim[580147:MainThread] INFO Finished timing: r_total_time: 4.0357e-03
16:14:05 pinoak0033 SmartSim[580147:MainThread] INFO r_deserialize_message: 2.7068e-04
16:14:05 pinoak0033 SmartSim[580147:MainThread] INFO r_validate_request: 1.3656e-05
16:14:05 pinoak0033 SmartSim[580147:MainThread] INFO r_dispatch: 1.7785e-05
16:14:05 pinoak0033 SmartSim[580147:MainThread] INFO r_find_queue: 1.0309e-05
16:14:05 pinoak0033 SmartSim[580147:MainThread] INFO r_flush_requests: 1.2925e-05
16:14:05 pinoak0033 SmartSim[580147:MainThread] INFO r_fetch_input: 5.1199e-06
16:14:05 pinoak0033 SmartSim[580147:MainThread] INFO r_transform_input: 8.3298e-03
16:14:05 pinoak0033 SmartSim[580147:MainThread] INFO r_put: 2.0884e-04
16:14:05 pinoak0033 SmartSim[580147:MainThread] INFO Finished timing: r_total_time: 9.3560e-03
16:14:05 pinoak0033 SmartSim[580148:MainThread] INFO Started timing: flush_requests: 1.8879e-04
16:14:05 pinoak0033 SmartSim[580148:MainThread] INFO w_fetch_model: 2.8926e-05
16:14:05 pinoak0033 SmartSim[580148:MainThread] INFO w_load_model: 4.9900e-06
DEVICE IS HERE
cuda
16:14:05 pinoak0033 SmartSim[580148:MainThread] INFO w_execute: 6.0557e-03
16:14:05 pinoak0033 SmartSim[580148:MainThread] INFO w_assign_output: 9.7759e-05
16:14:05 pinoak0033 SmartSim[580148:MainThread] INFO w_build_reply: 1.8239e-04
16:14:05 pinoak0033 SmartSim[580148:MainThread] INFO w_serialize_resp: 1.0911e-05
16:14:05 pinoak0033 SmartSim[580148:MainThread] INFO w_send: 1.4163e-02
16:14:05 pinoak0033 SmartSim[580148:MainThread] INFO Finished timing: w_total_time: 2.0992e-02
16:14:05 pinoak0033 SmartSim[580148:MainThread] INFO Started timing: flush_requests: 1.0784e-04
16:14:05 pinoak0033 SmartSim[580148:MainThread] INFO w_fetch_model: 2.1711e-05
16:14:05 pinoak0033 SmartSim[580148:MainThread] INFO w_load_model: 3.1160e-06
DEVICE IS HERE16:14:05 pinoak0033 SmartSim[580147:MainThread] INFO r_deserialize_message: 2.7442e-04
16:14:05 pinoak0033 SmartSim[580147:MainThread] INFO r_validate_request: 1.3796e-05
16:14:05 pinoak0033 SmartSim[580147:MainThread] INFO r_dispatch: 1.9017e-05
16:14:05 pinoak0033 SmartSim[580147:MainThread] INFO r_find_queue: 1.0681e-05
16:14:05 pinoak0033 SmartSim[580147:MainThread] INFO r_flush_requests: 1.4879e-05
16:14:05 pinoak0033 SmartSim[580147:MainThread] INFO r_fetch_input: 6.3020e-06
16:14:05 pinoak0033 SmartSim[580147:MainThread] INFO r_transform_input: 2.0847e-03
16:14:05 pinoak0033 SmartSim[580147:MainThread] INFO r_put: 1.8798e-04
16:14:05 pinoak0033 SmartSim[580147:MainThread] INFO Finished timing: r_total_time: 3.1132e-03

cuda
16:14:05 pinoak0033 SmartSim[580148:MainThread] INFO w_execute: 6.8003e-02
16:14:05 pinoak0033 SmartSim[580148:MainThread] INFO w_assign_output: 1.1926e-04
16:14:05 pinoak0033 SmartSim[580148:MainThread] INFO w_build_reply: 1.4844e-04
16:14:05 pinoak0033 SmartSim[580148:MainThread] INFO w_serialize_resp: 9.0681e-06
16:14:05 pinoak0033 SmartSim[580148:MainThread] INFO w_send: 6.2751e-03
16:14:05 pinoak0033 SmartSim[580148:MainThread] INFO Finished timing: w_total_time: 7.5015e-02
16:14:05 pinoak0033 SmartSim[580148:MainThread] INFO Started timing: flush_requests: 1.5185e-04
16:14:05 pinoak0033 SmartSim[580148:MainThread] INFO w_fetch_model: 2.3656e-05
16:14:05 pinoak0033 SmartSim[580148:MainThread] INFO w_load_model: 4.0680e-06
DEVICE IS HERE
cuda
16:14:05 pinoak0033 SmartSim[580148:MainThread] INFO w_execute: 5.4771e-03
16:14:05 pinoak0033 SmartSim[580148:MainThread] INFO w_assign_output: 2.7714e-03
16:14:05 pinoak0033 SmartSim[580148:MainThread] INFO w_build_reply: 1.4837e-04
16:14:05 pinoak0033 SmartSim[580148:MainThread] INFO w_serialize_resp: 8.6469e-06
16:14:05 pinoak0033 SmartSim[580148:MainThread] INFO w_send: 2.6276e-02
16:14:05 pinoak0033 SmartSim[580148:MainThread] INFO Finished timing: w_total_time: 3.5149e-02
16:14:05 pinoak0033 SmartSim[580148:MainThread] INFO Started timing: flush_requests: 1.0747e-04
16:14:05 pinoak0033 SmartSim[580148:MainThread] INFO w_fetch_model: 2.0540e-05
16:14:05 pinoak0033 SmartSim[580148:MainThread] INFO w_load_model: 3.0361e-06
DEVICE IS HERE
cuda
16:14:05 pinoak0033 SmartSim[580148:MainThread] INFO w_execute: 4.8971e-03
16:14:05 pinoak0033 SmartSim[580148:MainThread] INFO w_assign_output: 3.1272e-03
16:14:05 pinoak0033 SmartSim[580148:MainThread] INFO w_build_reply: 1.1071e-04
16:14:05 pinoak0033 SmartSim[580148:MainThread] INFO w_serialize_resp: 6.7230e-06
16:14:05 pinoak0033 SmartSim[580147:MainThread] INFO r_deserialize_message: 2.0556e-04
16:14:05 pinoak0033 SmartSim[580147:MainThread] INFO r_validate_request: 1.1672e-05
16:14:05 pinoak0033 SmartSim[580147:MainThread] INFO r_dispatch: 1.3917e-05
16:14:05 pinoak0033 SmartSim[580147:MainThread] INFO r_find_queue: 7.2040e-06
16:14:05 pinoak0033 SmartSim[580147:MainThread] INFO r_flush_requests: 9.5491e-06
16:14:05 pinoak0033 SmartSim[580147:MainThread] INFO r_fetch_input: 4.1181e-06
16:14:05 pinoak0033 SmartSim[580147:MainThread] INFO r_transform_input: 3.8850e-04
16:14:05 pinoak0033 SmartSim[580147:MainThread] INFO r_put: 1.9489e-04
16:14:05 pinoak0033 SmartSim[580147:MainThread] INFO Finished timing: r_total_time: 1.2167e-03
16:14:05 pinoak0033 SmartSim[580148:MainThread] INFO w_send: 1.1424e-02
16:14:05 pinoak0033 SmartSim[580148:MainThread] INFO Finished timing: w_total_time: 1.9954e-02
16:14:05 pinoak0033 SmartSim[580148:MainThread] INFO Started timing: flush_requests: 1.0733e-04
16:14:05 pinoak0033 SmartSim[580148:MainThread] INFO w_fetch_model: 1.9918e-05
16:14:05 pinoak0033 SmartSim[580148:MainThread] INFO w_load_model: 3.1460e-06
DEVICE IS HERE
cuda
16:14:05 pinoak0033 SmartSim[580148:MainThread] INFO w_execute: 5.5771e-03
16:14:05 pinoak0033 SmartSim[580148:MainThread] INFO w_assign_output: 1.1012e-04
16:14:05 pinoak0033 SmartSim[580148:MainThread] INFO w_build_reply: 1.0934e-04
16:14:05 pinoak0033 SmartSim[580148:MainThread] INFO w_serialize_resp: 7.7449e-06
16:14:05 pinoak0033 SmartSim[580148:MainThread] INFO w_send: 6.4319e-03
16:14:05 pinoak0033 SmartSim[580148:MainThread] INFO Finished timing: w_total_time: 1.2872e-02
16:14:05 pinoak0033 SmartSim[580147:MainThread] INFO r_deserialize_message: 3.3207e-04
16:14:05 pinoak0033 SmartSim[580147:MainThread] INFO r_validate_request: 1.7224e-05
16:14:05 pinoak0033 SmartSim[580147:MainThread] INFO r_dispatch: 2.2543e-05
16:14:05 pinoak0033 SmartSim[580147:MainThread] INFO r_find_queue: 1.2674e-05
16:14:05 pinoak0033 SmartSim[580147:MainThread] INFO r_flush_requests: 1.5991e-05
16:14:05 pinoak0033 SmartSim[580147:MainThread] INFO r_fetch_input: 6.9230e-06
16:14:05 pinoak0033 SmartSim[580147:MainThread] INFO r_transform_input: 6.1039e-03
16:14:05 pinoak0033 SmartSim[580147:MainThread] INFO r_put: 2.8925e-02
16:14:05 pinoak0033 SmartSim[580148:MainThread] INFO Started timing: flush_requests: 2.4667e-02
16:14:05 pinoak0033 SmartSim[580148:MainThread] INFO w_fetch_model: 3.0949e-05
16:14:05 pinoak0033 SmartSim[580148:MainThread] INFO w_load_model: 4.1979e-06
DEVICE IS HERE
cuda
16:14:05 pinoak0033 SmartSim[580147:MainThread] INFO Finished timing: r_total_time: 3.6517e-02
16:14:05 pinoak0033 SmartSim[580148:MainThread] INFO w_execute: 2.8069e-02
16:14:05 pinoak0033 SmartSim[580148:MainThread] INFO w_assign_output: 1.1122e-04
16:14:05 pinoak0033 SmartSim[580148:MainThread] INFO w_build_reply: 1.6820e-04
16:14:05 pinoak0033 SmartSim[580148:MainThread] INFO w_serialize_resp: 1.0079e-05
16:14:05 pinoak0033 SmartSim[580148:MainThread] INFO w_send: 5.7169e-03
16:14:05 pinoak0033 SmartSim[580148:MainThread] INFO Finished timing: w_total_time: 3.4496e-02
16:14:05 pinoak0033 SmartSim[580147:MainThread] INFO r_deserialize_message: 2.6217e-04
16:14:05 pinoak0033 SmartSim[580147:MainThread] INFO r_validate_request: 1.3375e-05
16:14:05 pinoak0033 SmartSim[580147:MainThread] INFO r_dispatch: 1.8807e-05
16:14:05 pinoak0033 SmartSim[580147:MainThread] INFO r_find_queue: 8.7870e-06
16:14:05 pinoak0033 SmartSim[580147:MainThread] INFO r_flush_requests: 1.1502e-05
16:14:05 pinoak0033 SmartSim[580147:MainThread] INFO r_fetch_input: 4.3588e-06
16:14:05 pinoak0033 SmartSim[580147:MainThread] INFO r_transform_input: 6.8041e-04
16:14:05 pinoak0033 SmartSim[580147:MainThread] INFO r_put: 3.7295e-02
16:14:05 pinoak0033 SmartSim[580147:MainThread] INFO Finished timing: r_total_time: 3.8724e-02
16:14:05 pinoak0033 SmartSim[580147:MainThread] INFO r_deserialize_message: 3.2234e-04
16:14:05 pinoak0033 SmartSim[580147:MainThread] INFO r_validate_request: 1.4178e-05
16:14:05 pinoak0033 SmartSim[580147:MainThread] INFO r_dispatch: 2.3245e-05
16:14:05 pinoak0033 SmartSim[580147:MainThread] INFO r_find_queue: 1.3025e-05
16:14:05 pinoak0033 SmartSim[580147:MainThread] INFO r_flush_requests: 1.4157e-05
16:14:05 pinoak0033 SmartSim[580147:MainThread] INFO r_fetch_input: 6.7831e-06
16:14:05 pinoak0033 SmartSim[580147:MainThread] INFO r_transform_input: 1.4008e-03
16:14:05 pinoak0033 SmartSim[580147:MainThread] INFO r_put: 2.1577e-04
16:14:05 pinoak0033 SmartSim[580147:MainThread] INFO Finished timing: r_total_time: 2.5543e-03
16:14:05 pinoak0033 SmartSim[580148:MainThread] INFO Started timing: flush_requests: 4.6551e-02
16:14:05 pinoak0033 SmartSim[580148:MainThread] INFO w_fetch_model: 3.0108e-05
16:14:05 pinoak0033 SmartSim[580148:MainThread] INFO w_load_model: 3.5870e-06
DEVICE IS HERE
cuda
16:14:05 pinoak0033 SmartSim[580148:MainThread] INFO w_execute: 6.3992e-03
16:14:05 pinoak0033 SmartSim[580148:MainThread] INFO w_assign_output: 1.4172e-02
16:14:05 pinoak0033 SmartSim[580148:MainThread] INFO w_build_reply: 2.0578e-04
16:14:05 pinoak0033 SmartSim[580148:MainThread] INFO w_serialize_resp: 1.1282e-05
16:14:05 pinoak0033 SmartSim[580148:MainThread] INFO w_send: 2.7368e-03
16:14:05 pinoak0033 SmartSim[580148:MainThread] INFO Finished timing: w_total_time: 2.4010e-02
16:14:05 pinoak0033 SmartSim[580148:MainThread] INFO Started timing: flush_requests: 1.1912e-04
16:14:05 pinoak0033 SmartSim[580148:MainThread] INFO w_fetch_model: 2.1321e-05
16:14:05 pinoak0033 SmartSim[580148:MainThread] INFO w_load_model: 2.9858e-06
DEVICE IS HERE16:14:05 pinoak0033 SmartSim[580147:MainThread] INFO r_deserialize_message: 2.9225e-04
16:14:05 pinoak0033 SmartSim[580147:MainThread] INFO r_validate_request: 1.4248e-05
16:14:05 pinoak0033 SmartSim[580147:MainThread] INFO r_dispatch: 1.9258e-05
16:14:05 pinoak0033 SmartSim[580147:MainThread] INFO r_find_queue: 8.4760e-06
16:14:05 pinoak0033 SmartSim[580147:MainThread] INFO r_flush_requests: 1.1843e-05
16:14:05 pinoak0033 SmartSim[580147:MainThread] INFO r_fetch_input: 5.0191e-06
16:14:05 pinoak0033 SmartSim[580147:MainThread] INFO r_transform_input: 1.3900e-03
16:14:05 pinoak0033 SmartSim[580147:MainThread] INFO r_put: 1.1146e-02
16:14:05 pinoak0033 SmartSim[580147:MainThread] INFO Finished timing: r_total_time: 1.3352e-02

cuda
16:14:05 pinoak0033 SmartSim[580148:MainThread] INFO w_execute: 5.2237e-03
16:14:05 pinoak0033 SmartSim[580148:MainThread] INFO w_assign_output: 8.0301e-03
16:14:05 pinoak0033 SmartSim[580148:MainThread] INFO w_build_reply: 1.1160e-04
16:14:05 pinoak0033 SmartSim[580148:MainThread] INFO w_serialize_resp: 7.5339e-06
16:14:05 pinoak0033 SmartSim[580148:MainThread] INFO w_send: 1.3977e-02
16:14:05 pinoak0033 SmartSim[580148:MainThread] INFO Finished timing: w_total_time: 2.7743e-02
16:14:05 pinoak0033 SmartSim[580148:MainThread] INFO Started timing: flush_requests: 1.3605e-02
16:14:05 pinoak0033 SmartSim[580148:MainThread] INFO w_fetch_model: 2.5741e-05
16:14:05 pinoak0033 SmartSim[580148:MainThread] INFO w_load_model: 4.0580e-06
DEVICE IS HERE
cuda
16:14:05 pinoak0033 SmartSim[580148:MainThread] INFO w_execute: 5.7050e-03
16:14:05 pinoak0033 SmartSim[580148:MainThread] INFO w_assign_output: 2.6042e-02
16:14:05 pinoak0033 SmartSim[580148:MainThread] INFO w_build_reply: 1.5539e-04
16:14:05 pinoak0033 SmartSim[580148:MainThread] INFO w_serialize_resp: 9.4189e-06
16:14:05 pinoak0033 SmartSim[580148:MainThread] INFO w_send: 3.6466e-03
16:14:05 pinoak0033 SmartSim[580148:MainThread] INFO Finished timing: w_total_time: 3.6031e-02
16:14:05 pinoak0033 SmartSim[580147:MainThread] INFO r_deserialize_message: 2.6270e-04
16:14:05 pinoak0033 SmartSim[580147:MainThread] INFO r_validate_request: 1.4248e-05
16:14:05 pinoak0033 SmartSim[580147:MainThread] INFO r_dispatch: 1.8907e-05
16:14:05 pinoak0033 SmartSim[580147:MainThread] INFO r_find_queue: 9.2180e-06
16:14:05 pinoak0033 SmartSim[580147:MainThread] INFO r_flush_requests: 1.0420e-05
16:14:05 pinoak0033 SmartSim[580147:MainThread] INFO r_fetch_input: 5.0291e-06
16:14:05 pinoak0033 SmartSim[580147:MainThread] INFO r_transform_input: 4.8110e-03
16:14:05 pinoak0033 SmartSim[580147:MainThread] INFO r_put: 1.9655e-04
16:14:05 pinoak0033 SmartSim[580147:MainThread] INFO Finished timing: r_total_time: 5.7935e-03
16:14:05 pinoak0033 SmartSim[580148:MainThread] INFO Started timing: flush_requests: 2.2748e-04
16:14:05 pinoak0033 SmartSim[580148:MainThread] INFO w_fetch_model: 2.4618e-05
16:14:05 pinoak0033 SmartSim[580148:MainThread] INFO w_load_model: 3.8268e-06
DEVICE IS HERE
cuda
16:14:05 pinoak0033 SmartSim[580148:MainThread] INFO w_execute: 2.7414e-02
16:14:05 pinoak0033 SmartSim[580148:MainThread] INFO w_assign_output: 1.0029e-03
16:14:05 pinoak0033 SmartSim[580148:MainThread] INFO w_build_reply: 2.2803e-04
16:14:05 pinoak0033 SmartSim[580148:MainThread] INFO w_serialize_resp: 9.6189e-06
16:14:05 pinoak0033 SmartSim[580148:MainThread] INFO w_send: 5.2436e-03
16:14:05 pinoak0033 SmartSim[580148:MainThread] INFO Finished timing: w_total_time: 3.4547e-02
16:14:06 pinoak0033 SmartSim[580147:MainThread] INFO r_deserialize_message: 3.2883e-04
16:14:06 pinoak0033 SmartSim[580147:MainThread] INFO r_validate_request: 1.3947e-05
16:14:06 pinoak0033 SmartSim[580147:MainThread] INFO r_dispatch: 1.8906e-05
16:14:06 pinoak0033 SmartSim[580147:MainThread] INFO r_find_queue: 9.2271e-06
16:14:06 pinoak0033 SmartSim[580147:MainThread] INFO r_flush_requests: 1.3075e-05
16:14:06 pinoak0033 SmartSim[580147:MainThread] INFO r_fetch_input: 5.2701e-06
16:14:06 pinoak0033 SmartSim[580147:MainThread] INFO r_transform_input: 1.4863e-03
16:14:06 pinoak0033 SmartSim[580147:MainThread] INFO r_put: 1.5973e-02
16:14:06 pinoak0033 SmartSim[580147:MainThread] INFO Finished timing: r_total_time: 1.8356e-02
16:14:06 pinoak0033 SmartSim[580148:MainThread] INFO Started timing: flush_requests: 1.7211e-02
16:14:06 pinoak0033 SmartSim[580148:MainThread] INFO w_fetch_model: 3.1782e-05
16:14:06 pinoak0033 SmartSim[580148:MainThread] INFO w_load_model: 6.5828e-06
DEVICE IS HERE
cuda
16:14:06 pinoak0033 SmartSim[580148:MainThread] INFO w_execute: 6.6552e-03
16:14:06 pinoak0033 SmartSim[580148:MainThread] INFO w_assign_output: 7.3389e-03
16:14:06 pinoak0033 SmartSim[580148:MainThread] INFO w_build_reply: 1.9679e-04
16:14:06 pinoak0033 SmartSim[580148:MainThread] INFO w_serialize_resp: 1.2134e-05
16:14:06 pinoak0033 SmartSim[580148:MainThread] INFO w_send: 3.2570e-03
16:14:06 pinoak0033 SmartSim[580148:MainThread] INFO Finished timing: w_total_time: 2.2678e-02
16:14:06 pinoak0033 SmartSim[580147:MainThread] INFO r_deserialize_message: 2.8634e-04
16:14:06 pinoak0033 SmartSim[580147:MainThread] INFO r_validate_request: 1.4679e-05
16:14:06 pinoak0033 SmartSim[580147:MainThread] INFO r_dispatch: 1.8476e-05
16:14:06 pinoak0033 SmartSim[580147:MainThread] INFO r_find_queue: 9.0180e-06
16:14:06 pinoak0033 SmartSim[580147:MainThread] INFO r_flush_requests: 1.1232e-05
16:14:06 pinoak0033 SmartSim[580147:MainThread] INFO r_fetch_input: 4.8690e-06
16:14:06 pinoak0033 SmartSim[580147:MainThread] INFO r_transform_input: 2.3439e-03
16:14:06 pinoak0033 SmartSim[580147:MainThread] INFO r_put: 6.1943e-02
16:14:06 pinoak0033 SmartSim[580147:MainThread] INFO Finished timing: r_total_time: 6.5110e-02
16:14:06 pinoak0033 SmartSim[580148:MainThread] INFO Started timing: flush_requests: 6.5937e-02
16:14:06 pinoak0033 SmartSim[580148:MainThread] INFO w_fetch_model: 2.7122e-05
16:14:06 pinoak0033 SmartSim[580148:MainThread] INFO w_load_model: 4.2780e-06
DEVICE IS HERE
cuda
16:14:06 pinoak0033 SmartSim[580148:MainThread] INFO w_execute: 7.8119e-03
16:14:06 pinoak0033 SmartSim[580148:MainThread] INFO w_assign_output: 2.2937e-02
16:14:06 pinoak0033 SmartSim[580148:MainThread] INFO w_build_reply: 2.6230e-04
16:14:06 pinoak0033 SmartSim[580148:MainThread] INFO w_serialize_resp: 1.0901e-05
16:14:06 pinoak0033 SmartSim[580148:MainThread] INFO w_send: 1.3585e-02
16:14:06 pinoak0033 SmartSim[580148:MainThread] INFO Finished timing: w_total_time: 4.5191e-02
16:14:06 pinoak0033 SmartSim[580147:MainThread] INFO r_deserialize_message: 2.3152e-04
16:14:06 pinoak0033 SmartSim[580147:MainThread] INFO r_validate_request: 1.4077e-05
16:14:06 pinoak0033 SmartSim[580147:MainThread] INFO r_dispatch: 1.9448e-05
16:14:06 pinoak0033 SmartSim[580147:MainThread] INFO r_find_queue: 1.2814e-05
16:14:06 pinoak0033 SmartSim[580147:MainThread] INFO r_flush_requests: 1.4708e-05
16:14:06 pinoak0033 SmartSim[580147:MainThread] INFO r_fetch_input: 6.3418e-06
16:14:06 pinoak0033 SmartSim[580147:MainThread] INFO r_transform_input: 2.2906e-03
16:14:06 pinoak0033 SmartSim[580147:MainThread] INFO r_put: 1.9225e-02
16:14:06 pinoak0033 SmartSim[580147:MainThread] INFO Finished timing: r_total_time: 2.3516e-02
16:14:06 pinoak0033 SmartSim[580148:MainThread] INFO Started timing: flush_requests: 1.7684e-02
16:14:06 pinoak0033 SmartSim[580148:MainThread] INFO w_fetch_model: 2.6632e-05
16:14:06 pinoak0033 SmartSim[580148:MainThread] INFO w_load_model: 4.4880e-06
DEVICE IS HERE
cuda
16:14:06 pinoak0033 SmartSim[580148:MainThread] INFO w_execute: 8.0999e-03
16:14:06 pinoak0033 SmartSim[580148:MainThread] INFO w_assign_output: 1.6358e-02
16:14:06 pinoak0033 SmartSim[580148:MainThread] INFO w_build_reply: 3.3075e-04
16:14:06 pinoak0033 SmartSim[580148:MainThread] INFO w_serialize_resp: 7.8350e-06
16:14:06 pinoak0033 SmartSim[580148:MainThread] INFO w_send: 2.2522e-03
16:14:06 pinoak0033 SmartSim[580148:MainThread] INFO Finished timing: w_total_time: 2.7712e-02
16:14:06 pinoak0033 SmartSim[580147:MainThread] INFO r_deserialize_message: 2.3282e-04
16:14:06 pinoak0033 SmartSim[580147:MainThread] INFO r_validate_request: 1.4889e-05
16:14:06 pinoak0033 SmartSim[580147:MainThread] INFO r_dispatch: 1.4147e-05
16:14:06 pinoak0033 SmartSim[580147:MainThread] INFO r_find_queue: 7.0441e-06
16:14:06 pinoak0033 SmartSim[580147:MainThread] INFO r_flush_requests: 9.9102e-06
16:14:06 pinoak0033 SmartSim[580147:MainThread] INFO r_fetch_input: 3.9970e-06
16:14:06 pinoak0033 SmartSim[580147:MainThread] INFO r_transform_input: 2.0051e-03
16:14:06 pinoak0033 SmartSim[580147:MainThread] INFO r_put: 1.1577e-02
16:14:06 pinoak0033 SmartSim[580147:MainThread] INFO Finished timing: r_total_time: 1.4279e-02
16:14:06 pinoak0033 SmartSim[580148:MainThread] INFO Started timing: flush_requests: 1.4759e-02
16:14:06 pinoak0033 SmartSim[580148:MainThread] INFO w_fetch_model: 2.1993e-05
16:14:06 pinoak0033 SmartSim[580148:MainThread] INFO w_load_model: 3.6168e-06
DEVICE IS HERE
cuda
16:14:06 pinoak0033 SmartSim[580148:MainThread] INFO w_execute: 6.9048e-03
16:14:06 pinoak0033 SmartSim[580148:MainThread] INFO w_assign_output: 1.7255e-02
16:14:06 pinoak0033 SmartSim[580148:MainThread] INFO w_build_reply: 1.3752e-04
16:14:06 pinoak0033 SmartSim[580148:MainThread] INFO w_serialize_resp: 8.5670e-06
16:14:06 pinoak0033 SmartSim[580148:MainThread] INFO w_send: 7.9395e-03
16:14:06 pinoak0033 SmartSim[580148:MainThread] INFO Finished timing: w_total_time: 3.5092e-02
