16:13:26 pinoak-login1 SmartSim {/lus/cflus02/cote/smartsim/SmartSim/ex/high_throughput_inference/MLI_proto_HSTA} [332460:MainThread] DEBUG Working in previously created experiment
16:13:26 pinoak-login1 SmartSim {/lus/cflus02/cote/smartsim/SmartSim/ex/high_throughput_inference/MLI_proto_HSTA} [332460:MainThread] DEBUG Configured model worker_manager with no parameters
16:13:26 pinoak-login1 SmartSim {/lus/cflus02/cote/smartsim/SmartSim/ex/high_throughput_inference/MLI_proto_HSTA} [332460:MainThread] DEBUG Configured model app with no parameters
16:13:26 pinoak-login1 SmartSim {/lus/cflus02/cote/smartsim/SmartSim/ex/high_throughput_inference/MLI_proto_HSTA} [332460:MainThread] DEBUG Starting telemetry monitor process
16:13:26 pinoak-login1 SmartSim {/lus/cflus02/cote/smartsim/SmartSim/ex/high_throughput_inference/MLI_proto_HSTA} [332460:MainThread] DEBUG Loading keys, creation is allowed
16:13:26 pinoak-login1 SmartSim {/lus/cflus02/cote/smartsim/SmartSim/ex/high_throughput_inference/MLI_proto_HSTA} [332460:MainThread] DEBUG Existing key files located at /home/users/cote/.smartsim/keys/server/pub/smartsim.key
16:13:26 pinoak-login1 SmartSim {/lus/cflus02/cote/smartsim/SmartSim/ex/high_throughput_inference/MLI_proto_HSTA} [332460:MainThread] DEBUG Existing key files located at /home/users/cote/.smartsim/keys/client/priv/smartsim.key_secret
16:13:26 pinoak-login1 SmartSim {/lus/cflus02/cote/smartsim/SmartSim/ex/high_throughput_inference/MLI_proto_HSTA} [332460:MainThread] DEBUG Applying keys to authenticator: KeyPair(public=b'*<C6-Ei-8Tq/3E+Bt>C*nmsH0pa5<uGs9B!wg$2A'), KeyPair(public=b'p5H6!A[+=Lv01^@d8T0nMLz)ezc)!5X0W^}V1qh!')
16:13:26 pinoak-login1 SmartSim {/lus/cflus02/cote/smartsim/SmartSim/ex/high_throughput_inference/MLI_proto_HSTA} [332460:MainThread] DEBUG Securing with client keys in /home/users/cote/.smartsim/keys/client/pub
16:13:26 pinoak-login1 SmartSim {/lus/cflus02/cote/smartsim/SmartSim/ex/high_throughput_inference/MLI_proto_HSTA} [332460:MainThread] DEBUG Configure curve: *[/home/users/cote/.smartsim/keys/client/pub]
16:13:26 pinoak-login1 SmartSim {/lus/cflus02/cote/smartsim/SmartSim/ex/high_throughput_inference/MLI_proto_HSTA} [332460:MainThread] DEBUG Starting authenticator
16:13:26 pinoak-login1 SmartSim {/lus/cflus02/cote/smartsim/SmartSim/ex/high_throughput_inference/MLI_proto_HSTA} [332460:MainThread] DEBUG Starting
16:13:26 pinoak-login1 SmartSim {/lus/cflus02/cote/smartsim/SmartSim/ex/high_throughput_inference/MLI_proto_HSTA} [332460:MainThread] DEBUG Loading keys, creation is allowed
16:13:26 pinoak-login1 SmartSim {/lus/cflus02/cote/smartsim/SmartSim/ex/high_throughput_inference/MLI_proto_HSTA} [332460:MainThread] DEBUG Existing key files located at /home/users/cote/.smartsim/keys/server/priv/smartsim.key_secret
16:13:26 pinoak-login1 SmartSim {/lus/cflus02/cote/smartsim/SmartSim/ex/high_throughput_inference/MLI_proto_HSTA} [332460:MainThread] DEBUG Existing key files located at /home/users/cote/.smartsim/keys/client/pub/smartsim.key
16:13:26 pinoak-login1 SmartSim {/lus/cflus02/cote/smartsim/SmartSim/ex/high_throughput_inference/MLI_proto_HSTA} [332460:MainThread] DEBUG Applying keys to socket: KeyPair(public=b'*<C6-Ei-8Tq/3E+Bt>C*nmsH0pa5<uGs9B!wg$2A'), KeyPair(public=b'p5H6!A[+=Lv01^@d8T0nMLz)ezc)!5X0W^}V1qh!')
16:13:26 pinoak-login1 SmartSim {/lus/cflus02/cote/smartsim/SmartSim/ex/high_throughput_inference/MLI_proto_HSTA} [332460:MainThread] DEBUG Configuring socket as server
16:13:26 pinoak-login1 SmartSim {/lus/cflus02/cote/smartsim/SmartSim/ex/high_throughput_inference/MLI_proto_HSTA} [332460:MainThread] DEBUG Binding connector to tcp://10.150.0.3:5995
16:13:26 pinoak-login1 SmartSim {/lus/cflus02/cote/smartsim/SmartSim/ex/high_throughput_inference/MLI_proto_HSTA} [332460:MainThread] DEBUG Starting Dragon environment: dragon -t hsta -l NONE /lus/scratch/cote/local/pyenv/versions/3.11.9/envs/d311/bin/python -m smartsim._core.entrypoints.dragon +launching_address tcp://10.150.0.3:5995
16:13:26 pinoak-login1 SmartSim {/lus/cflus02/cote/smartsim/SmartSim/ex/high_throughput_inference/MLI_proto_HSTA} [332460:MainThread] DEBUG Listening to tcp://10.150.0.3:5995
16:13:36 pinoak-login1 SmartSim {/lus/cflus02/cote/smartsim/SmartSim/ex/high_throughput_inference/MLI_proto_HSTA} [332460:MainThread] DEBUG Connecting to tcp://10.150.0.209:5555
16:13:36 pinoak-login1 SmartSim {/lus/cflus02/cote/smartsim/SmartSim/ex/high_throughput_inference/MLI_proto_HSTA} [332460:MainThread] DEBUG Loading keys, creation is allowed
16:13:36 pinoak-login1 SmartSim {/lus/cflus02/cote/smartsim/SmartSim/ex/high_throughput_inference/MLI_proto_HSTA} [332460:MainThread] DEBUG Existing key files located at /home/users/cote/.smartsim/keys/server/pub/smartsim.key
16:13:36 pinoak-login1 SmartSim {/lus/cflus02/cote/smartsim/SmartSim/ex/high_throughput_inference/MLI_proto_HSTA} [332460:MainThread] DEBUG Existing key files located at /home/users/cote/.smartsim/keys/client/priv/smartsim.key_secret
16:13:36 pinoak-login1 SmartSim {/lus/cflus02/cote/smartsim/SmartSim/ex/high_throughput_inference/MLI_proto_HSTA} [332460:MainThread] DEBUG Applying keys to socket: KeyPair(public=b'*<C6-Ei-8Tq/3E+Bt>C*nmsH0pa5<uGs9B!wg$2A'), KeyPair(public=b'p5H6!A[+=Lv01^@d8T0nMLz)ezc)!5X0W^}V1qh!')
16:13:36 pinoak-login1 SmartSim {/lus/cflus02/cote/smartsim/SmartSim/ex/high_throughput_inference/MLI_proto_HSTA} [332460:MainThread] DEBUG Sending DragonHandshakeRequest: 
16:13:36 pinoak-login1 SmartSim {/lus/cflus02/cote/smartsim/SmartSim/ex/high_throughput_inference/MLI_proto_HSTA} [332460:MainThread] DEBUG Received DragonHandshakeResponse: error_message=None dragon_pid=333012
16:13:36 pinoak-login1 SmartSim {/lus/cflus02/cote/smartsim/SmartSim/ex/high_throughput_inference/MLI_proto_HSTA} [332460:MainThread] DEBUG Successful handshake with Dragon server at address tcp://10.150.0.209:5555
16:13:36 pinoak-login1 SmartSim {/lus/cflus02/cote/smartsim/SmartSim/ex/high_throughput_inference/MLI_proto_HSTA} [332460:MainThread] DEBUG Sending DragonRunRequest: exe='/lus/scratch/cote/local/pyenv/versions/3.11.9/envs/d311/bin/python' exe_args=['/lus/cflus02/cote/smartsim/SmartSim/ex/high_throughput_inference/standalone_workermanager.py', '--device', 'gpu', '--worker_class', 'gAWVSQAAAAAAAACMNXNtYXJ0c2ltLl9jb3JlLm1saS5pbmZyYXN0cnVjdHVyZS53b3JrZXIudG9yY2hfd29ya2VylIwLVG9yY2hXb3JrZXKUk5Qu', '--batch_size', '4', '--batch_timeout', '0.0', '--num_workers', '1'] path='/lus/cflus02/cote/smartsim/SmartSim/ex/high_throughput_inference/MLI_proto_HSTA/worker_manager' nodes=1 tasks=1 tasks_per_node=1 hostlist=None output_file='/lus/cflus02/cote/smartsim/SmartSim/ex/high_throughput_inference/MLI_proto_HSTA/.smartsim/telemetry/MLI_proto/44f33bd/model/worker_manager/worker_manager.out' error_file='/lus/cflus02/cote/smartsim/SmartSim/ex/high_throughput_inference/MLI_proto_HSTA/.smartsim/telemetry/MLI_proto/44f33bd/model/worker_manager/worker_manager.err' env={} name='worker_manager-D3NLNQ1CFOW5' pmi_enabled=True
16:13:36 pinoak-login1 SmartSim {/lus/cflus02/cote/smartsim/SmartSim/ex/high_throughput_inference/MLI_proto_HSTA} [332460:MainThread] DEBUG Received DragonRunResponse: error_message=None step_id='248048d-0'
16:13:36 pinoak-login1 SmartSim {/lus/cflus02/cote/smartsim/SmartSim/ex/high_throughput_inference/MLI_proto_HSTA} [332460:MainThread] DEBUG Launching worker_manager
16:13:36 pinoak-login1 SmartSim {/lus/cflus02/cote/smartsim/SmartSim/ex/high_throughput_inference/MLI_proto_HSTA} [332460:MainThread] DEBUG Sending DragonRunRequest: exe='/lus/scratch/cote/local/pyenv/versions/3.11.9/envs/d311/bin/python' exe_args=['/lus/cflus02/cote/smartsim/SmartSim/ex/high_throughput_inference/mock_app.py', '--device', 'gpu', '--log_max_batchsize', '6'] path='/lus/cflus02/cote/smartsim/SmartSim/ex/high_throughput_inference/MLI_proto_HSTA/app' nodes=1 tasks=1 tasks_per_node=4 hostlist=None output_file='/lus/cflus02/cote/smartsim/SmartSim/ex/high_throughput_inference/MLI_proto_HSTA/.smartsim/telemetry/MLI_proto/44f33bd/model/app/app.out' error_file='/lus/cflus02/cote/smartsim/SmartSim/ex/high_throughput_inference/MLI_proto_HSTA/.smartsim/telemetry/MLI_proto/44f33bd/model/app/app.err' env={} name='app-D3NLNQ1CJAVZ' pmi_enabled=True
16:13:36 pinoak-login1 SmartSim {/lus/cflus02/cote/smartsim/SmartSim/ex/high_throughput_inference/MLI_proto_HSTA} [332460:MainThread] DEBUG Received DragonRunResponse: error_message=None step_id='5b47361-1'
16:13:36 pinoak-login1 SmartSim {/lus/cflus02/cote/smartsim/SmartSim/ex/high_throughput_inference/MLI_proto_HSTA} [332460:MainThread] DEBUG Launching app
16:14:27 pinoak-login1 SmartSim {/lus/cflus02/cote/smartsim/SmartSim/ex/high_throughput_inference/MLI_proto_HSTA} [332460:MainThread] DEBUG Sending DragonStopRequest: step_id='248048d-0'
16:14:27 pinoak-login1 SmartSim {/lus/cflus02/cote/smartsim/SmartSim/ex/high_throughput_inference/MLI_proto_HSTA} [332460:MainThread] DEBUG Received DragonStopResponse: error_message=None
16:14:27 pinoak-login1 SmartSim {/lus/cflus02/cote/smartsim/SmartSim/ex/high_throughput_inference/MLI_proto_HSTA} [332460:MainThread] DEBUG Sending DragonUpdateStatusRequest: step_ids=['248048d-0']
16:14:27 pinoak-login1 SmartSim {/lus/cflus02/cote/smartsim/SmartSim/ex/high_throughput_inference/MLI_proto_HSTA} [332460:MainThread] DEBUG Received DragonUpdateStatusResponse: error_message=None statuses={'248048d-0': (<SmartSimStatus.STATUS_RUNNING: 'Running'>, [])}
