2024-08-23 16:13:27,970 pinoak-login1 TelemetryMonitor[333006:MainThread] INFO Executing telemetry monitor
2024-08-23 16:13:27,971 pinoak-login1 TelemetryMonitor[333006:MainThread] INFO Polling frequency: 5.0s
2024-08-23 16:13:27,971 pinoak-login1 TelemetryMonitor[333006:MainThread] INFO Experiment directory: /lus/cflus02/cote/smartsim/SmartSim/ex/high_throughput_inference/MLI_proto_HSTA
2024-08-23 16:13:27,971 pinoak-login1 TelemetryMonitor[333006:MainThread] INFO Telemetry output: /lus/cflus02/cote/smartsim/SmartSim/ex/high_throughput_inference/MLI_proto_HSTA/.smartsim/telemetry
2024-08-23 16:13:32,977 pinoak-login1 TelemetryMonitor[333006:MainThread] INFO Cooldown 5.56% complete
2024-08-23 16:13:36,179 pinoak-login1 TelemetryMonitor[333006:Thread-1] INFO Created file: /lus/cflus02/cote/smartsim/SmartSim/ex/high_throughput_inference/MLI_proto_HSTA/.smartsim/telemetry/manifest.json
2024-08-23 16:13:36,196 pinoak-login1 TelemetryMonitor[333006:Thread-1] INFO Modified directory: /lus/cflus02/cote/smartsim/SmartSim/ex/high_throughput_inference/MLI_proto_HSTA/.smartsim/telemetry
2024-08-23 16:13:36,196 pinoak-login1 TelemetryMonitor[333006:Thread-1] INFO Opened file: /lus/cflus02/cote/smartsim/SmartSim/ex/high_throughput_inference/MLI_proto_HSTA/.smartsim/telemetry/manifest.json
2024-08-23 16:13:36,197 pinoak-login1 TelemetryMonitor[333006:Thread-1] INFO Modified file: /lus/cflus02/cote/smartsim/SmartSim/ex/high_throughput_inference/MLI_proto_HSTA/.smartsim/telemetry/manifest.json
2024-08-23 16:13:36,208 pinoak-login1 TelemetryMonitor[333006:Thread-1] INFO Closed file: /lus/cflus02/cote/smartsim/SmartSim/ex/high_throughput_inference/MLI_proto_HSTA/.smartsim/telemetry/manifest.json
2024-08-23 16:13:36,209 pinoak-login1 TelemetryMonitor[333006:Thread-1] INFO Modified directory: /lus/cflus02/cote/smartsim/SmartSim/ex/high_throughput_inference/MLI_proto_HSTA/.smartsim/telemetry
2024-08-23 16:13:36,209 pinoak-login1 TelemetryMonitor[333006:Thread-1] INFO Opened file: /lus/cflus02/cote/smartsim/SmartSim/ex/high_throughput_inference/MLI_proto_HSTA/.smartsim/telemetry/manifest.json
2024-08-23 16:14:32,096 pinoak-login1 TelemetryMonitor[333006:MainThread] INFO Cooldown 5.56% complete
2024-08-23 16:14:37,095 pinoak-login1 TelemetryMonitor[333006:MainThread] INFO Cooldown 11.12% complete
2024-08-23 16:14:42,100 pinoak-login1 TelemetryMonitor[333006:MainThread] INFO Cooldown 16.68% complete
2024-08-23 16:14:47,106 pinoak-login1 TelemetryMonitor[333006:MainThread] INFO Cooldown 22.25% complete
2024-08-23 16:14:52,111 pinoak-login1 TelemetryMonitor[333006:MainThread] INFO Cooldown 27.81% complete
2024-08-23 16:14:57,117 pinoak-login1 TelemetryMonitor[333006:MainThread] INFO Cooldown 33.37% complete
2024-08-23 16:15:02,122 pinoak-login1 TelemetryMonitor[333006:MainThread] INFO Cooldown 38.93% complete
2024-08-23 16:15:07,128 pinoak-login1 TelemetryMonitor[333006:MainThread] INFO Cooldown 44.49% complete
2024-08-23 16:15:12,133 pinoak-login1 TelemetryMonitor[333006:MainThread] INFO Cooldown 50.05% complete
2024-08-23 16:15:17,139 pinoak-login1 TelemetryMonitor[333006:MainThread] INFO Cooldown 55.62% complete
2024-08-23 16:15:22,144 pinoak-login1 TelemetryMonitor[333006:MainThread] INFO Cooldown 61.18% complete
2024-08-23 16:15:27,150 pinoak-login1 TelemetryMonitor[333006:MainThread] INFO Cooldown 66.74% complete
2024-08-23 16:15:32,154 pinoak-login1 TelemetryMonitor[333006:MainThread] INFO Cooldown 72.30% complete
2024-08-23 16:15:37,160 pinoak-login1 TelemetryMonitor[333006:MainThread] INFO Cooldown 77.86% complete
2024-08-23 16:15:42,165 pinoak-login1 TelemetryMonitor[333006:MainThread] INFO Cooldown 83.42% complete
2024-08-23 16:15:47,170 pinoak-login1 TelemetryMonitor[333006:MainThread] INFO Cooldown 88.98% complete
2024-08-23 16:15:52,174 pinoak-login1 TelemetryMonitor[333006:MainThread] INFO Cooldown 94.54% complete
2024-08-23 16:15:57,180 pinoak-login1 TelemetryMonitor[333006:MainThread] INFO Cooldown complete. Beginning shutdown
2024-08-23 16:15:57,194 pinoak-login1 TelemetryMonitor[333006:MainThread] INFO Exiting telemetry monitor event loop
2024-08-23 16:15:57,194 pinoak-login1 TelemetryMonitor[333006:MainThread] INFO Telemetry monitor shutdown complete
